<?xml version="1.0" encoding="UTF-8"?>
<coverage generated="1532281180">
  <project timestamp="1532281180">
    <file name="F:\testprojects\modestreet\application/controllers/Product_test.php">
      <class name="Product_test" namespace="global" fullPackage="Product">
        <metrics complexity="9" methods="6" coveredmethods="3" conditionals="0" coveredconditionals="0" statements="32" coveredstatements="26" elements="38" coveredelements="29"/>
      </class>
      <line num="13" type="method" name="setUp" visibility="public" complexity="1" crap="1" count="11"/>
      <line num="15" type="stmt" count="11"/>
      <line num="16" type="stmt" count="11"/>
      <line num="27" type="method" name="testRestFetchRequest" visibility="public" complexity="1" crap="1" count="2"/>
      <line num="29" type="stmt" count="2"/>
      <line num="30" type="stmt" count="2"/>
      <line num="31" type="stmt" count="2"/>
      <line num="32" type="stmt" count="2"/>
      <line num="37" type="method" name="testAddProduct" visibility="public" complexity="1" crap="1" count="1"/>
      <line num="39" type="stmt" count="1"/>
      <line num="40" type="stmt" count="1"/>
      <line num="41" type="stmt" count="1"/>
      <line num="49" type="stmt" count="1"/>
      <line num="50" type="stmt" count="1"/>
      <line num="62" type="method" name="testProductUpdate" visibility="public" complexity="2" crap="2.09" count="2"/>
      <line num="64" type="stmt" count="2"/>
      <line num="66" type="stmt" count="2"/>
      <line num="67" type="stmt" count="0"/>
      <line num="68" type="stmt" count="0"/>
      <line num="70" type="stmt" count="2"/>
      <line num="71" type="stmt" count="2"/>
      <line num="72" type="stmt" count="2"/>
      <line num="83" type="method" name="testProductDelete" visibility="public" complexity="2" crap="2.09" count="2"/>
      <line num="85" type="stmt" count="2"/>
      <line num="87" type="stmt" count="2"/>
      <line num="88" type="stmt" count="0"/>
      <line num="89" type="stmt" count="0"/>
      <line num="91" type="stmt" count="2"/>
      <line num="92" type="stmt" count="2"/>
      <line num="93" type="stmt" count="2"/>
      <line num="107" type="method" name="testProductSearch" visibility="public" complexity="2" crap="2.09" count="4"/>
      <line num="109" type="stmt" count="4"/>
      <line num="111" type="stmt" count="4"/>
      <line num="112" type="stmt" count="0"/>
      <line num="113" type="stmt" count="0"/>
      <line num="115" type="stmt" count="4"/>
      <line num="116" type="stmt" count="4"/>
      <line num="117" type="stmt" count="4"/>
      <metrics loc="118" ncloc="67" classes="1" methods="6" coveredmethods="3" conditionals="0" coveredconditionals="0" statements="32" coveredstatements="26" elements="38" coveredelements="29"/>
    </file>
    <file name="F:\testprojects\modestreet\application/controllers/Welcome.php">
      <class name="Welcome" namespace="global">
        <metrics complexity="1" methods="1" coveredmethods="0" conditionals="0" coveredconditionals="0" statements="4" coveredstatements="0" elements="5" coveredelements="0"/>
      </class>
      <line num="2" type="stmt" count="0"/>
      <line num="21" type="method" name="index" visibility="public" complexity="1" crap="2.00" count="0"/>
      <line num="22" type="stmt" count="0"/>
      <line num="23" type="stmt" count="0"/>
      <line num="25" type="stmt" count="0"/>
      <line num="26" type="stmt" count="0"/>
      <metrics loc="27" ncloc="12" classes="1" methods="1" coveredmethods="0" conditionals="0" coveredconditionals="0" statements="5" coveredstatements="0" elements="6" coveredelements="0"/>
    </file>
    <file name="F:\testprojects\modestreet\application/models/Product_model_test.php">
      <class name="Product_model_test" namespace="global" fullPackage="Product.model" category="Test">
        <metrics complexity="9" methods="8" coveredmethods="7" conditionals="0" coveredconditionals="0" statements="26" coveredstatements="25" elements="34" coveredelements="32"/>
      </class>
      <line num="12" type="method" name="setUp" visibility="public" complexity="1" crap="1" count="13"/>
      <line num="14" type="stmt" count="13"/>
      <line num="15" type="stmt" count="13"/>
      <line num="16" type="stmt" count="13"/>
      <line num="17" type="stmt" count="13"/>
      <line num="28" type="method" name="testGetProduct" visibility="public" complexity="1" crap="1" count="2"/>
      <line num="30" type="stmt" count="2"/>
      <line num="31" type="stmt" count="2"/>
      <line num="32" type="stmt" count="2"/>
      <line num="43" type="method" name="testGetProducts" visibility="public" complexity="1" crap="1" count="2"/>
      <line num="45" type="stmt" count="2"/>
      <line num="46" type="stmt" count="2"/>
      <line num="47" type="stmt" count="2"/>
      <line num="48" type="stmt" count="2"/>
      <line num="63" type="method" name="testSearchProducts" visibility="public" complexity="1" crap="1" count="4"/>
      <line num="65" type="stmt" count="4"/>
      <line num="66" type="stmt" count="4"/>
      <line num="67" type="stmt" count="4"/>
      <line num="68" type="stmt" count="4"/>
      <line num="76" type="method" name="testInsertProduct" visibility="public" complexity="2" crap="2" count="1"/>
      <line num="78" type="stmt" count="1"/>
      <line num="79" type="stmt" count="1"/>
      <line num="80" type="stmt" count="1"/>
      <line num="82" type="stmt" count="1"/>
      <line num="94" type="method" name="testUpdateProduct" visibility="public" complexity="1" crap="1" count="2"/>
      <line num="96" type="stmt" count="2"/>
      <line num="97" type="stmt" count="2"/>
      <line num="98" type="stmt" count="2"/>
      <line num="109" type="method" name="testDeleteProduct" visibility="public" complexity="1" crap="1" count="2"/>
      <line num="111" type="stmt" count="2"/>
      <line num="112" type="stmt" count="2"/>
      <line num="113" type="stmt" count="2"/>
      <line num="115" type="method" name="dataProvider" visibility="public" complexity="1" crap="2.00" count="0"/>
      <line num="118" type="stmt" count="0"/>
      <metrics loc="138" ncloc="74" classes="1" methods="8" coveredmethods="7" conditionals="0" coveredconditionals="0" statements="26" coveredstatements="25" elements="34" coveredelements="32"/>
    </file>
    <metrics files="3" loc="283" ncloc="153" classes="3" methods="15" coveredmethods="10" conditionals="0" coveredconditionals="0" statements="63" coveredstatements="51" elements="78" coveredelements="61"/>
  </project>
</coverage>
